0 info it worked if it ends with ok
1 verbose cli [ '/Users/Kien/.nvm/v0.10.0/bin/node',
1 verbose cli   '/Users/Kien/.nvm/v0.10.0/bin/npm',
1 verbose cli   'start' ]
2 info using npm@1.2.14
3 info using node@v0.10.0
4 verbose read json /Users/Kien/Sites/hotelx/frontend/package.json
5 verbose run-script [ 'prestart', 'start', 'poststart' ]
6 info prestart Hotelx@0.0.1
7 info start Hotelx@0.0.1
8 verbose unsafe-perm in lifecycle true
9 silly exec sh "-c" {"compile":"coffee -c assets/js/*.coffee","run":"coffee app.coffee"}
10 silly sh,-c,[object Object],/Users/Kien/Sites/hotelx/frontend spawning
11 info Hotelx@0.0.1 Failed to exec start script
12 error Hotelx@0.0.1 start: `[object Object]`
12 error `sh "-c" {"compile":"coffee -c assets/js/*.coffee","run":"coffee app.coffee"}` failed with 127
13 error Failed at the Hotelx@0.0.1 start script.
13 error This is most likely a problem with the Hotelx package,
13 error not with npm itself.
13 error Tell the author that this fails on your system:
13 error     [object Object]
13 error You can get their info via:
13 error     npm owner ls Hotelx
13 error There is likely additional logging output above.
14 error System Darwin 12.3.0
15 error command "/Users/Kien/.nvm/v0.10.0/bin/node" "/Users/Kien/.nvm/v0.10.0/bin/npm" "start"
16 error cwd /Users/Kien/Sites/hotelx/frontend
17 error node -v v0.10.0
18 error npm -v 1.2.14
19 error code ELIFECYCLE
20 verbose exit [ 1, true ]
